d:\practice\third-party\readline_for_windows\.build\vs2013\obj\debug\x32\debug\readline\vc120.pdb
d:\practice\third-party\readline_for_windows\.build\vs2013\obj\debug\x32\debug\readline\vc120.idb
d:\practice\third-party\readline_for_windows\.build\vs2013\obj\debug\x32\debug\readline\keymaps.obj
d:\practice\third-party\readline_for_windows\.build\vs2013\obj\debug\x32\debug\readline\kill.obj
d:\practice\third-party\readline_for_windows\.build\vs2013\obj\debug\x32\debug\readline\macro.obj
d:\practice\third-party\readline_for_windows\.build\vs2013\obj\debug\x32\debug\readline\mbutil.obj
d:\practice\third-party\readline_for_windows\.build\vs2013\obj\debug\x32\debug\readline\misc.obj
d:\practice\third-party\readline_for_windows\.build\vs2013\obj\debug\x32\debug\readline\nls.obj
d:\practice\third-party\readline_for_windows\.build\vs2013\obj\debug\x32\debug\readline\parens.obj
d:\practice\third-party\readline_for_windows\.build\vs2013\obj\debug\x32\debug\readline\readline.obj
d:\practice\third-party\readline_for_windows\.build\vs2013\obj\debug\x32\debug\readline\rltty.obj
d:\practice\third-party\readline_for_windows\.build\vs2013\obj\debug\x32\debug\readline\savestring.obj
d:\practice\third-party\readline_for_windows\.build\vs2013\obj\debug\x32\debug\readline\search.obj
d:\practice\third-party\readline_for_windows\.build\vs2013\obj\debug\x32\debug\readline\shell.obj
d:\practice\third-party\readline_for_windows\.build\vs2013\obj\debug\x32\debug\readline\signals.obj
d:\practice\third-party\readline_for_windows\.build\vs2013\obj\debug\x32\debug\readline\terminal.obj
d:\practice\third-party\readline_for_windows\.build\vs2013\obj\debug\x32\debug\readline\text.obj
d:\practice\third-party\readline_for_windows\.build\vs2013\obj\debug\x32\debug\readline\tilde.obj
d:\practice\third-party\readline_for_windows\.build\vs2013\obj\debug\x32\debug\readline\undo.obj
d:\practice\third-party\readline_for_windows\.build\vs2013\obj\debug\x32\debug\readline\util.obj
d:\practice\third-party\readline_for_windows\.build\vs2013\obj\debug\x32\debug\readline\vi_mode.obj
d:\practice\third-party\readline_for_windows\.build\vs2013\obj\debug\x32\debug\readline\xmalloc.obj
d:\practice\third-party\readline_for_windows\.build\vs2013\obj\debug\x32\debug\readline\dirent.obj
d:\practice\third-party\readline_for_windows\.build\vs2013\obj\debug\x32\debug\readline\hooks.obj
d:\practice\third-party\readline_for_windows\.build\vs2013\obj\debug\x32\debug\readline\termcap.obj
d:\practice\third-party\readline_for_windows\.build\vs2013\obj\debug\x32\debug\readline\bind.obj
d:\practice\third-party\readline_for_windows\.build\vs2013\obj\debug\x32\debug\readline\callback.obj
d:\practice\third-party\readline_for_windows\.build\vs2013\obj\debug\x32\debug\readline\compat.obj
d:\practice\third-party\readline_for_windows\.build\vs2013\obj\debug\x32\debug\readline\complete.obj
d:\practice\third-party\readline_for_windows\.build\vs2013\obj\debug\x32\debug\readline\display.obj
d:\practice\third-party\readline_for_windows\.build\vs2013\obj\debug\x32\debug\readline\funmap.obj
d:\practice\third-party\readline_for_windows\.build\vs2013\obj\debug\x32\debug\readline\histexpand.obj
d:\practice\third-party\readline_for_windows\.build\vs2013\obj\debug\x32\debug\readline\histfile.obj
d:\practice\third-party\readline_for_windows\.build\vs2013\obj\debug\x32\debug\readline\history.obj
d:\practice\third-party\readline_for_windows\.build\vs2013\obj\debug\x32\debug\readline\histsearch.obj
d:\practice\third-party\readline_for_windows\.build\vs2013\obj\debug\x32\debug\readline\input.obj
d:\practice\third-party\readline_for_windows\.build\vs2013\obj\debug\x32\debug\readline\isearch.obj
d:\practice\third-party\readline_for_windows\.build\vs2013\bin\debug\readline_x86.lib
d:\practice\third-party\readline_for_windows\.build\vs2013\obj\debug\x32\debug\readline\readline.tlog\cl.command.1.tlog
d:\practice\third-party\readline_for_windows\.build\vs2013\obj\debug\x32\debug\readline\readline.tlog\cl.read.1.tlog
d:\practice\third-party\readline_for_windows\.build\vs2013\obj\debug\x32\debug\readline\readline.tlog\cl.write.1.tlog
d:\practice\third-party\readline_for_windows\.build\vs2013\obj\debug\x32\debug\readline\readline.tlog\lib-link.read.1.tlog
d:\practice\third-party\readline_for_windows\.build\vs2013\obj\debug\x32\debug\readline\readline.tlog\lib-link.write.1.tlog
d:\practice\third-party\readline_for_windows\.build\vs2013\obj\debug\x32\debug\readline\readline.tlog\lib.command.1.tlog
